This is pdfTeX, Version 3.14159265-2.6-1.40.19 (MiKTeX 2.9.6930 64-bit) (preloaded format=pdflatex 2019.3.22)  10 OCT 2019 00:58
entering extended mode
**./main.tex
(main.tex
LaTeX2e <2018-12-01>
(D:\miktext\tex/latex/base\article.cls
Document Class: article 2018/09/03 v1.4i Standard LaTeX document class
(D:\miktext\tex/latex/base\size12.clo
File: size12.clo 2018/09/03 v1.4i Standard LaTeX file (size option)
)
\c@part=\count80
\c@section=\count81
\c@subsection=\count82
\c@subsubsection=\count83
\c@paragraph=\count84
\c@subparagraph=\count85
\c@figure=\count86
\c@table=\count87
\abovecaptionskip=\skip41
\belowcaptionskip=\skip42
\bibindent=\dimen102
) (D:\miktext\tex/latex/base\inputenc.sty
Package: inputenc 2018/08/11 v1.3c Input encoding file
\inpenc@prehook=\toks14
\inpenc@posthook=\toks15
) (D:\miktext\tex/generic/babel\babel.sty
Package: babel 2018/11/13 3.27 The Babel package

(D:\miktext\tex/generic/babel\switch.def
File: switch.def 2018/11/13 3.27 Babel switching mechanism
)
*************************************
* Local config file bblopts.cfg used
*
(D:\miktext\tex/latex/arabi\bblopts.cfg
File: bblopts.cfg 2005/09/08 v0.1 add Arabic and Farsi to "declared" options of
 babel
)
(D:\miktext\tex/latex/babel-spanish\spanish.ldf
Language: spanish.ldf 2016/03/03 v5.0p Spanish support from the babel system

(D:\miktext\tex/generic/babel\babel.def
File: babel.def 2018/11/13 3.27 Babel common definitions
\babel@savecnt=\count88
\U@D=\dimen103

(D:\miktext\tex/generic/babel\txtbabel.def)
\bbl@dirlevel=\count89
)
\es@quottoks=\toks16
\es@quotdepth=\count90
Package babel Info: Making " an active character on input line 561.
Package babel Info: Making . an active character on input line 662.
Package babel Info: Making < an active character on input line 707.
Package babel Info: Making > an active character on input line 707.
))
(D:\miktext\tex/latex/graphics\graphicx.sty
Package: graphicx 2017/06/01 v1.1a Enhanced LaTeX Graphics (DPC,SPQR)

(D:\miktext\tex/latex/graphics\keyval.sty
Package: keyval 2014/10/28 v1.15 key=value parser (DPC)
\KV@toks@=\toks17
)
(D:\miktext\tex/latex/graphics\graphics.sty
Package: graphics 2017/06/25 v1.2c Standard LaTeX Graphics (DPC,SPQR)

(D:\miktext\tex/latex/graphics\trig.sty
Package: trig 2016/01/03 v1.10 sin cos tan (DPC)
)
(D:\miktext\tex/latex/graphics-cfg\graphics.cfg
File: graphics.cfg 2016/06/04 v1.11 sample graphics configuration
)
Package graphics Info: Driver file: pdftex.def on input line 99.

(D:\miktext\tex/latex/graphics-def\pdftex.def
File: pdftex.def 2018/01/08 v1.0l Graphics/color driver for pdftex
))
\Gin@req@height=\dimen104
\Gin@req@width=\dimen105
)
(D:\miktext\tex/latex/geometry\geometry.sty
Package: geometry 2018/04/16 v5.8 Page Geometry

(D:\miktext\tex/generic/oberdiek\ifpdf.sty
Package: ifpdf 2018/09/07 v3.3 Provides the ifpdf switch
)
(D:\miktext\tex/generic/oberdiek\ifvtex.sty
Package: ifvtex 2016/05/16 v1.6 Detect VTeX and its facilities (HO)
Package ifvtex Info: VTeX not detected.
)
(D:\miktext\tex/generic/ifxetex\ifxetex.sty
Package: ifxetex 2010/09/12 v0.6 Provides ifxetex conditional
)
\Gm@cnth=\count91
\Gm@cntv=\count92
\c@Gm@tempcnt=\count93
\Gm@bindingoffset=\dimen106
\Gm@wd@mp=\dimen107
\Gm@odd@mp=\dimen108
\Gm@even@mp=\dimen109
\Gm@layoutwidth=\dimen110
\Gm@layoutheight=\dimen111
\Gm@layouthoffset=\dimen112
\Gm@layoutvoffset=\dimen113
\Gm@dimlist=\toks18

(D:\miktext\tex/latex/geometry\geometry.cfg))
(D:\miktext\tex/latex/float\float.sty
Package: float 2001/11/08 v1.3d Float enhancements (AL)
\c@float@type=\count94
\float@exts=\toks19
\float@box=\box27
\@float@everytoks=\toks20
\@floatcapt=\box28
)
(D:\miktext\tex/latex/amsmath\amsmath.sty
Package: amsmath 2018/12/01 v2.17b AMS math features
\@mathmargin=\skip43

For additional information on amsmath, use the `?' option.
(D:\miktext\tex/latex/amsmath\amstext.sty
Package: amstext 2000/06/29 v2.01 AMS text

(D:\miktext\tex/latex/amsmath\amsgen.sty
File: amsgen.sty 1999/11/30 v2.0 generic functions
\@emptytoks=\toks21
\ex@=\dimen114
))
(D:\miktext\tex/latex/amsmath\amsbsy.sty
Package: amsbsy 1999/11/29 v1.2d Bold Symbols
\pmbraise@=\dimen115
)
(D:\miktext\tex/latex/amsmath\amsopn.sty
Package: amsopn 2016/03/08 v2.02 operator names
)
\inf@bad=\count95
LaTeX Info: Redefining \frac on input line 223.
\uproot@=\count96
\leftroot@=\count97
LaTeX Info: Redefining \overline on input line 385.
\classnum@=\count98
\DOTSCASE@=\count99
LaTeX Info: Redefining \ldots on input line 482.
LaTeX Info: Redefining \dots on input line 485.
LaTeX Info: Redefining \cdots on input line 606.
\Mathstrutbox@=\box29
\strutbox@=\box30
\big@size=\dimen116
LaTeX Font Info:    Redeclaring font encoding OML on input line 729.
LaTeX Font Info:    Redeclaring font encoding OMS on input line 730.
\macc@depth=\count100
\c@MaxMatrixCols=\count101
\dotsspace@=\muskip10
\c@parentequation=\count102
\dspbrk@lvl=\count103
\tag@help=\toks22
\row@=\count104
\column@=\count105
\maxfields@=\count106
\andhelp@=\toks23
\eqnshift@=\dimen117
\alignsep@=\dimen118
\tagshift@=\dimen119
\tagwidth@=\dimen120
\totwidth@=\dimen121
\lineht@=\dimen122
\@envbody=\toks24
\multlinegap=\skip44
\multlinetaggap=\skip45
\mathdisplay@stack=\toks25
LaTeX Info: Redefining \[ on input line 2844.
LaTeX Info: Redefining \] on input line 2845.
)
(D:\miktext\tex/latex/oberdiek\stackrel.sty
Package: stackrel 2016/05/16 v1.3 Adding subscript option to stackrel (HO)

(D:\miktext\tex/generic/oberdiek\etexcmds.sty
Package: etexcmds 2016/05/16 v1.6 Avoid name clashes with e-TeX commands (HO)

(D:\miktext\tex/generic/oberdiek\infwarerr.sty
Package: infwarerr 2016/05/16 v1.4 Providing info/warning/error messages (HO)
)
(D:\miktext\tex/generic/oberdiek\ifluatex.sty
Package: ifluatex 2016/05/16 v1.4 Provides the ifluatex switch (HO)
Package ifluatex Info: LuaTeX not detected.
))
(D:\miktext\tex/generic/oberdiek\pdftexcmds.sty
Package: pdftexcmds 2018/09/10 v0.29 Utility functions of pdfTeX for LuaTeX (HO
)

(D:\miktext\tex/generic/oberdiek\ltxcmds.sty
Package: ltxcmds 2016/05/16 v1.23 LaTeX kernel commands for general use (HO)
)
Package pdftexcmds Info: LuaTeX not detected.
Package pdftexcmds Info: \pdf@primitive is available.
Package pdftexcmds Info: \pdf@ifprimitive is available.
Package pdftexcmds Info: \pdfdraftmode found.
))
(D:\miktext\tex/latex/multirow\multirow.sty
Package: multirow 2019/01/01 v2.4 Span multiple rows of a table
\multirow@colwidth=\skip46
\multirow@cntb=\count107
\multirow@dima=\skip47
\bigstrutjot=\dimen123
)
(D:\miktext\tex/latex/tools\enumerate.sty
Package: enumerate 2015/07/23 v3.00 enumerate extensions (DPC)
\@enLab=\toks26
) (main.aux
LaTeX Info: Redefining \. on input line 6.
LaTeX Info: Redefining \% on input line 6.
 (Secciones/Actividad01.aux) (Secciones/Actividad02.aux) (Secciones/Actividad03
.aux))
\openout1 = `main.aux'.

LaTeX Font Info:    Checking defaults for OML/cmm/m/it on input line 18.
LaTeX Font Info:    ... okay on input line 18.
LaTeX Font Info:    Checking defaults for T1/cmr/m/n on input line 18.
LaTeX Font Info:    ... okay on input line 18.
LaTeX Font Info:    Checking defaults for OT1/cmr/m/n on input line 18.
LaTeX Font Info:    ... okay on input line 18.
LaTeX Font Info:    Checking defaults for OMS/cmsy/m/n on input line 18.
LaTeX Font Info:    ... okay on input line 18.
LaTeX Font Info:    Checking defaults for OMX/cmex/m/n on input line 18.
LaTeX Font Info:    ... okay on input line 18.
LaTeX Font Info:    Checking defaults for U/cmr/m/n on input line 18.
LaTeX Font Info:    ... okay on input line 18.
LaTeX Info: Redefining \. on input line 18.
LaTeX Info: Redefining \% on input line 18.

(D:\miktext\tex/context/base/mkii\supp-pdf.mkii
[Loading MPS to PDF converter (version 2006.09.02).]
\scratchcounter=\count108
\scratchdimen=\dimen124
\scratchbox=\box31
\nofMPsegments=\count109
\nofMParguments=\count110
\everyMPshowfont=\toks27
\MPscratchCnt=\count111
\MPscratchDim=\dimen125
\MPnumerator=\count112
\makeMPintoPDFobject=\count113
\everyMPtoPDFconversion=\toks28
) (D:\miktext\tex/latex/oberdiek\epstopdf-base.sty
Package: epstopdf-base 2016/05/15 v2.6 Base part for package epstopdf

(D:\miktext\tex/latex/oberdiek\grfext.sty
Package: grfext 2016/05/16 v1.2 Manage graphics extensions (HO)

(D:\miktext\tex/generic/oberdiek\kvdefinekeys.sty
Package: kvdefinekeys 2016/05/16 v1.4 Define keys (HO)
))
(D:\miktext\tex/latex/oberdiek\kvoptions.sty
Package: kvoptions 2016/05/16 v3.12 Key value format for package options (HO)

(D:\miktext\tex/generic/oberdiek\kvsetkeys.sty
Package: kvsetkeys 2016/05/16 v1.17 Key value parser (HO)
))
Package epstopdf-base Info: Redefining graphics rule for `.eps' on input line 4
38.
Package grfext Info: Graphics extension search list:
(grfext)             [.pdf,.png,.jpg,.mps,.jpeg,.jbig2,.jb2,.PDF,.PNG,.JPG,.JPE
G,.JBIG2,.JB2,.eps]
(grfext)             \AppendGraphicsExtensions on input line 456.
)
*geometry* driver: auto-detecting
*geometry* detected driver: pdftex
*geometry* verbose mode - [ preamble ] result:
* driver: pdftex
* paper: letterpaper
* layout: <same size as paper>
* layoutoffset:(h,v)=(0.0pt,0.0pt)
* modes: 
* h-part:(L,W,R)=(56.9055pt, 500.484pt, 56.9055pt)
* v-part:(T,H,B)=(56.9055pt, 681.15898pt, 56.9055pt)
* \paperwidth=614.295pt
* \paperheight=794.96999pt
* \textwidth=500.484pt
* \textheight=681.15898pt
* \oddsidemargin=-15.36449pt
* \evensidemargin=-15.36449pt
* \topmargin=-52.36449pt
* \headheight=12.0pt
* \headsep=25.0pt
* \topskip=12.0pt
* \footskip=30.0pt
* \marginparwidth=44.0pt
* \marginparsep=10.0pt
* \columnsep=10.0pt
* \skip\footins=10.8pt plus 4.0pt minus 2.0pt
* \hoffset=0.0pt
* \voffset=0.0pt
* \mag=1000
* \@twocolumnfalse
* \@twosidefalse
* \@mparswitchfalse
* \@reversemarginfalse
* (1in=72.27pt=25.4mm, 1cm=28.453pt)

<./Imagenes/logo.jpg, id=1, 276.03125pt x 183.68625pt>
File: ./Imagenes/logo.jpg Graphic file (type jpg)
<use ./Imagenes/logo.jpg>
Package pdftex.def Info: ./Imagenes/logo.jpg  used on input line 38.
(pdftex.def)             Requested size: 227.62204pt x 151.47853pt.
[1

{C:/Users/Usuario/AppData/Local/MiKTeX/2.9/pdftex/config/pdftex.map} <./Imagene
s/logo.jpg>] (main.toc
LaTeX Info: Redefining \. on input line 1.
LaTeX Info: Redefining \% on input line 1.
)
\tf@toc=\write3
\openout3 = `main.toc'.

 [1]
\openout2 = `Secciones/Actividad01.aux'.

 (Secciones/Actividad01.tex

! Package inputenc Error: Unicode character ° (U+00B0)
(inputenc)                not set up for use with LaTeX.

See the inputenc package documentation for explanation.
Type  H <return>  for immediate help.
 ...                                              
                                                  
l.4 \textbf{PRACTICA DE LABORATORIO N° 03:}
                                             \\
You may provide a definition with
\DeclareUnicodeCharacter 


! LaTeX Error: Can be used only in preamble.

See the LaTeX manual or LaTeX Companion for explanation.
Type  H <return>  for immediate help.
 ...                                              
                                                  
l.8 \begin{document}
                    
Your command was ignored.
Type  I <command> <return>  to replace it with another command,
or  <return>  to continue without it.


! LaTeX Error: Lonely \item--perhaps a missing list environment.

See the LaTeX manual or LaTeX Companion for explanation.
Type  H <return>  for immediate help.
 ...                                              
                                                  
l.10 \item{
           
Try typing  <return>  to proceed.
If that doesn't work, type  X <return>  to quit.


! LaTeX Error: Something's wrong--perhaps a missing \item.

See the LaTeX manual or LaTeX Companion for explanation.
Type  H <return>  for immediate help.
 ...                                              
                                                  
l.28 \end{itemize}
                  
Try typing  <return>  to proceed.
If that doesn't work, type  X <return>  to quit.


! LaTeX Error: Lonely \item--perhaps a missing list environment.

See the LaTeX manual or LaTeX Companion for explanation.
Type  H <return>  for immediate help.
 ...                                              
                                                  
l.31 \item{
           Generar una carpeta o directorio Power BI en un lugar accesible p...

Try typing  <return>  to proceed.
If that doesn't work, type  X <return>  to quit.


Underfull \hbox (badness 10000) in paragraph at lines 31--33

 []


Underfull \hbox (badness 10000) in paragraph at lines 31--33

 []


Underfull \hbox (badness 10000) in paragraph at lines 31--33

 []


Underfull \hbox (badness 10000) in paragraph at lines 31--33

 []


Underfull \hbox (badness 10000) in paragraph at lines 31--33

 []


Underfull \hbox (badness 10000) in paragraph at lines 31--33

 []


Underfull \hbox (badness 10000) in paragraph at lines 31--33

 []


Underfull \hbox (badness 10000) in paragraph at lines 31--33

 []


Underfull \hbox (badness 10000) in paragraph at lines 31--33

 []


Underfull \hbox (badness 10000) in paragraph at lines 31--33

 []


Underfull \hbox (badness 10000) in paragraph at lines 31--33

 []


Underfull \hbox (badness 10000) in paragraph at lines 31--33

 []


Underfull \hbox (badness 10000) in paragraph at lines 31--33

 []


Underfull \hbox (badness 10000) in paragraph at lines 31--33

 []


Underfull \hbox (badness 10000) in paragraph at lines 31--33

 []


Underfull \hbox (badness 10000) in paragraph at lines 37--38

 []

[1

]
<./Imagenes/EJER1T1(1).png, id=14, 1445.4pt x 746.79pt>
File: ./Imagenes/EJER1T1(1).png Graphic file (type png)
<use ./Imagenes/EJER1T1(1).png>
Package pdftex.def Info: ./Imagenes/EJER1T1(1).png  used on input line 39.
(pdftex.def)             Requested size: 426.79134pt x 220.50624pt.
<./Imagenes/EJER1T1(4).png, id=16, 677.53125pt x 502.12593pt>
File: ./Imagenes/EJER1T1(4).png Graphic file (type png)
<use ./Imagenes/EJER1T1(4).png>
Package pdftex.def Info: ./Imagenes/EJER1T1(4).png  used on input line 43.
(pdftex.def)             Requested size: 426.79134pt x 316.31036pt.
 [2 <./Imagenes/EJER1T1(1).png> <./Imagenes/EJER1T1(4).png>]
Underfull \hbox (badness 10000) in paragraph at lines 46--47

 []

<./Imagenes/EJER1T2(1).png, id=22, 1028.34187pt x 493.845pt>
File: ./Imagenes/EJER1T2(1).png Graphic file (type png)
<use ./Imagenes/EJER1T2(1).png>
Package pdftex.def Info: ./Imagenes/EJER1T2(1).png  used on input line 48.
(pdftex.def)             Requested size: 426.79134pt x 204.96445pt.
<./Imagenes/EJER1T2(3).png, id=23, 1020.81375pt x 486.31688pt>
File: ./Imagenes/EJER1T2(3).png Graphic file (type png)
<use ./Imagenes/EJER1T2(3).png>
Package pdftex.def Info: ./Imagenes/EJER1T2(3).png  used on input line 54.
(pdftex.def)             Requested size: 426.79134pt x 203.32411pt.
[3 <./Imagenes/EJER1T2(1).png> <./Imagenes/EJER1T2(3).png>]
<./Imagenes/EJER1T2(5).png, id=29, 1028.34187pt x 485.56406pt>
File: ./Imagenes/EJER1T2(5).png Graphic file (type png)
<use ./Imagenes/EJER1T2(5).png>
Package pdftex.def Info: ./Imagenes/EJER1T2(5).png  used on input line 59.
(pdftex.def)             Requested size: 426.79134pt x 201.52754pt.
<./Imagenes/EJER1T2(8).png, id=30, 1028.34187pt x 494.59781pt>
File: ./Imagenes/EJER1T2(8).png Graphic file (type png)
<use ./Imagenes/EJER1T2(8).png>
Package pdftex.def Info: ./Imagenes/EJER1T2(8).png  used on input line 66.
(pdftex.def)             Requested size: 426.79134pt x 205.2769pt.
 [4 <./Imagenes/EJER1T2(5).png> <./Imagenes/EJER1T2(8).png>]
Underfull \hbox (badness 10000) in paragraph at lines 69--70

 []

<./Imagenes/EJER1T3(1).png, id=36, 840.89156pt x 426.84468pt>
File: ./Imagenes/EJER1T3(1).png Graphic file (type png)
<use ./Imagenes/EJER1T3(1).png>
Package pdftex.def Info: ./Imagenes/EJER1T3(1).png  used on input line 71.
(pdftex.def)             Requested size: 426.79134pt x 216.64581pt.
<./Imagenes/EJER1T3(3).png, id=37, 650.43pt x 516.42938pt>
File: ./Imagenes/EJER1T3(3).png Graphic file (type png)
<use ./Imagenes/EJER1T3(3).png>
Package pdftex.def Info: ./Imagenes/EJER1T3(3).png  used on input line 75.
(pdftex.def)             Requested size: 426.79134pt x 338.87442pt.
[5 <./Imagenes/EJER1T3(1).png> <./Imagenes/EJER1T3(3).png>]
<./Imagenes/EJER1T3(6).png, id=44, 1024.57782pt x 519.44063pt>
File: ./Imagenes/EJER1T3(6).png Graphic file (type png)
<use ./Imagenes/EJER1T3(6).png>
Package pdftex.def Info: ./Imagenes/EJER1T3(6).png  used on input line 81.
(pdftex.def)             Requested size: 426.79134pt x 216.3723pt.
<./Imagenes/EJER1T3(8).png, id=45, 1011.78pt x 431.36156pt>
File: ./Imagenes/EJER1T3(8).png Graphic file (type png)
<use ./Imagenes/EJER1T3(8).png>
Package pdftex.def Info: ./Imagenes/EJER1T3(8).png  used on input line 86.
(pdftex.def)             Requested size: 426.79134pt x 181.96046pt.
 [6 <./Imagenes/EJER1T3(6).png> <./Imagenes/EJER1T3(8).png>]
<./Imagenes/EJER1T3(9).png, id=51, 551.81157pt x 502.87875pt>
File: ./Imagenes/EJER1T3(9).png Graphic file (type png)
<use ./Imagenes/EJER1T3(9).png>
Package pdftex.def Info: ./Imagenes/EJER1T3(9).png  used on input line 90.
(pdftex.def)             Requested size: 426.79134pt x 388.95967pt.
) [7 <./Imagenes/EJER1T3(9).png>]
\openout2 = `Secciones/Actividad02.aux'.


(Secciones/Actividad02.tex
Underfull \hbox (badness 10000) in paragraph at lines 3--5

 []

<./Imagenes/EJER2T1(1).png, id=56, 1028.34187pt x 423.83344pt>
File: ./Imagenes/EJER2T1(1).png Graphic file (type png)
<use ./Imagenes/EJER2T1(1).png>
Package pdftex.def Info: ./Imagenes/EJER2T1(1).png  used on input line 7.
(pdftex.def)             Requested size: 512.1496pt x 211.08838pt.

Overfull \hbox (11.6656pt too wide) in paragraph at lines 7--8
 [] 
 []

<./Imagenes/EJER2T1(2).png, id=57, 1028.34187pt x 426.84468pt>
File: ./Imagenes/EJER2T1(2).png Graphic file (type png)
<use ./Imagenes/EJER2T1(2).png>
Package pdftex.def Info: ./Imagenes/EJER2T1(2).png  used on input line 11.
(pdftex.def)             Requested size: 512.1496pt x 212.58813pt.

Overfull \hbox (11.6656pt too wide) in paragraph at lines 11--12
 [] 
 []

<./Imagenes/EJER2T1(3).png, id=58, 1024.57782pt x 427.5975pt>
File: ./Imagenes/EJER2T1(3).png Graphic file (type png)
<use ./Imagenes/EJER2T1(3).png>
Package pdftex.def Info: ./Imagenes/EJER2T1(3).png  used on input line 15.
(pdftex.def)             Requested size: 512.1496pt x 213.7395pt.

Overfull \hbox (11.6656pt too wide) in paragraph at lines 15--16
 [] 
 []

[8


 <./Imagenes/EJER2T1(1).png> <./Imagenes/EJER2T1(2).png>]
<./Imagenes/EJER2T1(4).png, id=64, 1028.34187pt x 426.09187pt>
File: ./Imagenes/EJER2T1(4).png Graphic file (type png)
<use ./Imagenes/EJER2T1(4).png>
Package pdftex.def Info: ./Imagenes/EJER2T1(4).png  used on input line 19.
(pdftex.def)             Requested size: 512.1496pt x 212.2132pt.

Overfull \hbox (11.6656pt too wide) in paragraph at lines 19--20
 [] 
 []

[9 <./Imagenes/EJER2T1(3).png> <./Imagenes/EJER2T1(4).png>]
<./Imagenes/EJER2T1(5).png, id=70, 1028.34187pt x 424.58624pt>
File: ./Imagenes/EJER2T1(5).png Graphic file (type png)
<use ./Imagenes/EJER2T1(5).png>
Package pdftex.def Info: ./Imagenes/EJER2T1(5).png  used on input line 23.
(pdftex.def)             Requested size: 512.1496pt x 211.46333pt.

Overfull \hbox (11.6656pt too wide) in paragraph at lines 23--24
 [] 
 []

) [10 <./Imagenes/EJER2T1(5).png>]
\openout2 = `Secciones/Actividad03.aux'.

 (Secciones/Actividad03.tex
Underfull \hbox (badness 10000) in paragraph at lines 3--4

 []

<./Imagenes/EJER3T1(2).png, id=75, 1024.57782pt x 511.9125pt>
File: ./Imagenes/EJER3T1(2).png Graphic file (type png)
<use ./Imagenes/EJER3T1(2).png>
Package pdftex.def Info: ./Imagenes/EJER3T1(2).png  used on input line 9.
(pdftex.def)             Requested size: 512.1496pt x 255.88531pt.

Overfull \hbox (11.6656pt too wide) in paragraph at lines 9--10
 [] 
 []

[11


 <./Imagenes/EJER3T1(2).png>]
Underfull \hbox (badness 10000) in paragraph at lines 12--13

 []

<./Imagenes/EJER3T2(1).png, id=80, 1028.34187pt x 472.01344pt>
File: ./Imagenes/EJER3T2(1).png Graphic file (type png)
<use ./Imagenes/EJER3T2(1).png>
Package pdftex.def Info: ./Imagenes/EJER3T2(1).png  used on input line 14.
(pdftex.def)             Requested size: 512.1496pt x 235.08423pt.

Overfull \hbox (11.6656pt too wide) in paragraph at lines 14--15
 [] 
 []

<./Imagenes/EJER3T2(2).png, id=81, 597.73312pt x 348.55219pt>
File: ./Imagenes/EJER3T2(2).png Graphic file (type png)
<use ./Imagenes/EJER3T2(2).png>
Package pdftex.def Info: ./Imagenes/EJER3T2(2).png  used on input line 18.
(pdftex.def)             Requested size: 512.1496pt x 298.66405pt.

Overfull \hbox (11.6656pt too wide) in paragraph at lines 18--19
 [] 
 []

<./Imagenes/EJER3T2(3).png, id=82, 598.48593pt x 320.69812pt>
File: ./Imagenes/EJER3T2(3).png Graphic file (type png)
<use ./Imagenes/EJER3T2(3).png>
Package pdftex.def Info: ./Imagenes/EJER3T2(3).png  used on input line 22.
(pdftex.def)             Requested size: 512.1496pt x 274.4542pt.

Overfull \hbox (11.6656pt too wide) in paragraph at lines 22--23
 [] 
 []

[12 <./Imagenes/EJER3T2(1).png> <./Imagenes/EJER3T2(2).png>]
<./Imagenes/EJER3T2(4).png, id=88, 622.57594pt x 338.01282pt>
File: ./Imagenes/EJER3T2(4).png Graphic file (type png)
<use ./Imagenes/EJER3T2(4).png>
Package pdftex.def Info: ./Imagenes/EJER3T2(4).png  used on input line 26.
(pdftex.def)             Requested size: 512.1496pt x 278.06456pt.

Overfull \hbox (11.6656pt too wide) in paragraph at lines 26--27
 [] 
 []

<./Imagenes/EJER3T2(5).png, id=89, 594.72188pt x 326.72063pt>
File: ./Imagenes/EJER3T2(5).png Graphic file (type png)
<use ./Imagenes/EJER3T2(5).png>
Package pdftex.def Info: ./Imagenes/EJER3T2(5).png  used on input line 30.
(pdftex.def)             Requested size: 512.1496pt x 281.37308pt.

Overfull \hbox (11.6656pt too wide) in paragraph at lines 30--31
 [] 
 []

[13 <./Imagenes/EJER3T2(3).png> <./Imagenes/EJER3T2(4).png>]
<./Imagenes/EJER3T2(6).png, id=95, 580.41844pt x 310.15875pt>
File: ./Imagenes/EJER3T2(6).png Graphic file (type png)
<use ./Imagenes/EJER3T2(6).png>
Package pdftex.def Info: ./Imagenes/EJER3T2(6).png  used on input line 34.
(pdftex.def)             Requested size: 512.1496pt x 273.69302pt.

Overfull \hbox (11.6656pt too wide) in paragraph at lines 34--35
 [] 
 []

) [14 <./Imagenes/EJER3T2(5).png> <./Imagenes/EJER3T2(6).png>] (main.aux
LaTeX Info: Redefining \. on input line 6.
LaTeX Info: Redefining \% on input line 6.

(Secciones/Actividad01.aux) (Secciones/Actividad02.aux)
(Secciones/Actividad03.aux)) )
(\end occurred inside a group at level 1)

### semi simple group (level 1) entered at line 8 (\begingroup)
### bottom level 
Here is how much of TeX's memory you used:
 3765 strings out of 492946
 52611 string characters out of 3143048
 135046 words of memory out of 3000000
 7554 multiletter control sequences out of 15000+200000
 8568 words of font info for 31 fonts, out of 3000000 for 9000
 1141 hyphenation exceptions out of 8191
 34i,5n,31p,243b,359s stack positions out of 5000i,500n,10000p,200000b,50000s
<D:/miktext/fonts/type1/public/amsfonts/cm/cmbx12.pfb><D:/mikte
xt/fonts/type1/public/amsfonts/cm/cmr12.pfb>
Output written on main.pdf (16 pages, 1376686 bytes).
PDF statistics:
 109 PDF objects out of 1000 (max. 8388607)
 0 named destinations out of 1000 (max. 500000)
 121 words of extra memory for PDF output out of 10000 (max. 10000000)

